# JRE version: Java(TM) SE Runtime Environment (8.0_112-b15) (build 1.8.0_112-b15)
# Java VM: Java HotSpot(TM) 64-Bit Server VM (25.112-b15 mixed mode windows-amd64 compressed oops)
Heap:
 PSYoungGen      total 79872K, used 33763K [0x000000076ab00000, 0x0000000770d00000, 0x00000007c0000000)
  eden space 64512K, 29% used [0x000000076ab00000,0x000000076bd456d0,0x000000076ea00000)
  from space 15360K, 98% used [0x000000076ed80000,0x000000076fc33608,0x000000076fc80000)
  to   space 16896K, 0% used [0x000000076fc80000,0x000000076fc80000,0x0000000770d00000)
 ParOldGen       total 104960K, used 29527K [0x00000006c0000000, 0x00000006c6680000, 0x000000076ab00000)
  object space 104960K, 28% used [0x00000006c0000000,0x00000006c1cd5ce8,0x00000006c6680000)
 Metaspace       used 70852K, capacity 77572K, committed 77912K, reserved 1116160K
  class space    used 8673K, capacity 10802K, committed 10880K, reserved 1048576K
GC Heap History (10 events):
Event: 15.508 GC heap before
{Heap before GC invocations=12 (full 2):
 PSYoungGen      total 70656K, used 30416K [0x000000076ab00000, 0x0000000770d00000, 0x00000007c0000000)
  eden space 58368K, 31% used [0x000000076ab00000,0x000000076bcba5b0,0x000000076e400000)
  from space 12288K, 99% used [0x000000076e400000,0x000000076eff9e08,0x000000076f000000)
  to   space 15872K, 0% used [0x000000076fd80000,0x000000076fd80000,0x0000000770d00000)
 ParOldGen       total 80384K, used 30125K [0x00000006c0000000, 0x00000006c4e80000, 0x000000076ab00000)
  object space 80384K, 37% used [0x00000006c0000000,0x00000006c1d6b630,0x00000006c4e80000)
 Metaspace       used 53347K, capacity 59046K, committed 59096K, reserved 1099776K
  class space    used 6553K, capacity 8184K, committed 8192K, reserved 1048576K
Event: 15.522 GC heap after
Heap after GC invocations=12 (full 2):
 PSYoungGen      total 83456K, used 12839K [0x000000076ab00000, 0x0000000770e80000, 0x00000007c0000000)
  eden space 67584K, 0% used [0x000000076ab00000,0x000000076ab00000,0x000000076ed00000)
  from space 15872K, 80% used [0x000000076fd80000,0x0000000770a09f18,0x0000000770d00000)
  to   space 16896K, 0% used [0x000000076ed00000,0x000000076ed00000,0x000000076fd80000)
 ParOldGen       total 80384K, used 30133K [0x00000006c0000000, 0x00000006c4e80000, 0x000000076ab00000)
  object space 80384K, 37% used [0x00000006c0000000,0x00000006c1d6d630,0x00000006c4e80000)
 Metaspace       used 53347K, capacity 59046K, committed 59096K, reserved 1099776K
  class space    used 6553K, capacity 8184K, committed 8192K, reserved 1048576K
}
Event: 15.522 GC heap before
{Heap before GC invocations=13 (full 3):
 PSYoungGen      total 83456K, used 12839K [0x000000076ab00000, 0x0000000770e80000, 0x00000007c0000000)
  eden space 67584K, 0% used [0x000000076ab00000,0x000000076ab00000,0x000000076ed00000)
  from space 15872K, 80% used [0x000000076fd80000,0x0000000770a09f18,0x0000000770d00000)
  to   space 16896K, 0% used [0x000000076ed00000,0x000000076ed00000,0x000000076fd80000)
 ParOldGen       total 80384K, used 30133K [0x00000006c0000000, 0x00000006c4e80000, 0x000000076ab00000)
  object space 80384K, 37% used [0x00000006c0000000,0x00000006c1d6d630,0x00000006c4e80000)
 Metaspace       used 53347K, capacity 59046K, committed 59096K, reserved 1099776K
  class space    used 6553K, capacity 8184K, committed 8192K, reserved 1048576K
Event: 15.769 GC heap after
Heap after GC invocations=13 (full 3):
 PSYoungGen      total 83456K, used 0K [0x000000076ab00000, 0x0000000770e80000, 0x00000007c0000000)
  eden space 67584K, 0% used [0x000000076ab00000,0x000000076ab00000,0x000000076ed00000)
  from space 15872K, 0% used [0x000000076fd80000,0x000000076fd80000,0x0000000770d00000)
  to   space 16896K, 0% used [0x000000076ed00000,0x000000076ed00000,0x000000076fd80000)
 ParOldGen       total 104960K, used 29503K [0x00000006c0000000, 0x00000006c6680000, 0x000000076ab00000)
  object space 104960K, 28% used [0x00000006c0000000,0x00000006c1ccfce8,0x00000006c6680000)
 Metaspace       used 53347K, capacity 59046K, committed 59096K, reserved 1099776K
  class space    used 6553K, capacity 8184K, committed 8192K, reserved 1048576K
}
Event: 305.674 GC heap before
{Heap before GC invocations=14 (full 3):
 PSYoungGen      total 83456K, used 67584K [0x000000076ab00000, 0x0000000770e80000, 0x00000007c0000000)
  eden space 67584K, 100% used [0x000000076ab00000,0x000000076ed00000,0x000000076ed00000)
  from space 15872K, 0% used [0x000000076fd80000,0x000000076fd80000,0x0000000770d00000)
  to   space 16896K, 0% used [0x000000076ed00000,0x000000076ed00000,0x000000076fd80000)
 ParOldGen       total 104960K, used 29503K [0x00000006c0000000, 0x00000006c6680000, 0x000000076ab00000)
  object space 104960K, 28% used [0x00000006c0000000,0x00000006c1ccfce8,0x00000006c6680000)
 Metaspace       used 62317K, capacity 68890K, committed 69208K, reserved 1107968K
  class space    used 7720K, capacity 9763K, committed 9856K, reserved 1048576K
Event: 305.686 GC heap after
Heap after GC invocations=14 (full 3):
 PSYoungGen      total 84480K, used 11220K [0x000000076ab00000, 0x0000000771780000, 0x00000007c0000000)
  eden space 67584K, 0% used [0x000000076ab00000,0x000000076ab00000,0x000000076ed00000)
  from space 16896K, 66% used [0x000000076ed00000,0x000000076f7f5390,0x000000076fd80000)
  to   space 16896K, 0% used [0x0000000770700000,0x0000000770700000,0x0000000771780000)
 ParOldGen       total 104960K, used 29511K [0x00000006c0000000, 0x00000006c6680000, 0x000000076ab00000)
  object space 104960K, 28% used [0x00000006c0000000,0x00000006c1cd1ce8,0x00000006c6680000)
 Metaspace       used 62317K, capacity 68890K, committed 69208K, reserved 1107968K
  class space    used 7720K, capacity 9763K, committed 9856K, reserved 1048576K
}
Event: 2574.924 GC heap before
{Heap before GC invocations=15 (full 3):
 PSYoungGen      total 84480K, used 78804K [0x000000076ab00000, 0x0000000771780000, 0x00000007c0000000)
  eden space 67584K, 100% used [0x000000076ab00000,0x000000076ed00000,0x000000076ed00000)
  from space 16896K, 66% used [0x000000076ed00000,0x000000076f7f5390,0x000000076fd80000)
  to   space 16896K, 0% used [0x0000000770700000,0x0000000770700000,0x0000000771780000)
 ParOldGen       total 104960K, used 29511K [0x00000006c0000000, 0x00000006c6680000, 0x000000076ab00000)
  object space 104960K, 28% used [0x00000006c0000000,0x00000006c1cd1ce8,0x00000006c6680000)
 Metaspace       used 63154K, capacity 69690K, committed 69848K, reserved 1110016K
  class space    used 7755K, capacity 9859K, committed 9984K, reserved 1048576K
Event: 2574.933 GC heap after
Heap after GC invocations=15 (full 3):
 PSYoungGen      total 72704K, used 6384K [0x000000076ab00000, 0x0000000770d80000, 0x00000007c0000000)
  eden space 66048K, 0% used [0x000000076ab00000,0x000000076ab00000,0x000000076eb80000)
  from space 6656K, 95% used [0x0000000770700000,0x0000000770d3c0a0,0x0000000770d80000)
  to   space 16384K, 0% used [0x000000076ed80000,0x000000076ed80000,0x000000076fd80000)
 ParOldGen       total 104960K, used 29519K [0x00000006c0000000, 0x00000006c6680000, 0x000000076ab00000)
  object space 104960K, 28% used [0x00000006c0000000,0x00000006c1cd3ce8,0x00000006c6680000)
 Metaspace       used 63154K, capacity 69690K, committed 69848K, reserved 1110016K
  class space    used 7755K, capacity 9859K, committed 9984K, reserved 1048576K
}
Event: 2631.436 GC heap before
{Heap before GC invocations=16 (full 3):
 PSYoungGen      total 72704K, used 72432K [0x000000076ab00000, 0x0000000770d80000, 0x00000007c0000000)
  eden space 66048K, 100% used [0x000000076ab00000,0x000000076eb80000,0x000000076eb80000)
  from space 6656K, 95% used [0x0000000770700000,0x0000000770d3c0a0,0x0000000770d80000)
  to   space 16384K, 0% used [0x000000076ed80000,0x000000076ed80000,0x000000076fd80000)
 ParOldGen       total 104960K, used 29519K [0x00000006c0000000, 0x00000006c6680000, 0x000000076ab00000)
  object space 104960K, 28% used [0x00000006c0000000,0x00000006c1cd3ce8,0x00000006c6680000)
 Metaspace       used 70437K, capacity 77272K, committed 77400K, reserved 1116160K
  class space    used 8645K, capacity 10768K, committed 10880K, reserved 1048576K
Event: 2631.448 GC heap after
Heap after GC invocations=16 (full 3):
 PSYoungGen      total 79872K, used 15053K [0x000000076ab00000, 0x0000000770d00000, 0x00000007c0000000)
  eden space 64512K, 0% used [0x000000076ab00000,0x000000076ab00000,0x000000076ea00000)
  from space 15360K, 98% used [0x000000076ed80000,0x000000076fc33608,0x000000076fc80000)
  to   space 16896K, 0% used [0x000000076fc80000,0x000000076fc80000,0x0000000770d00000)
 ParOldGen       total 104960K, used 29527K [0x00000006c0000000, 0x00000006c6680000, 0x000000076ab00000)
  object space 104960K, 28% used [0x00000006c0000000,0x00000006c1cd5ce8,0x00000006c6680000)
 Metaspace       used 70437K, capacity 77272K, committed 77400K, reserved 1116160K
  class space    used 8645K, capacity 10768K, committed 10880K, reserved 1048576K
}

